# JRE version: OpenJDK Runtime Environment (17.0.16+8) (build 17.0.16+8-Ubuntu-0ubuntu122.04.1)
# Java VM: OpenJDK 64-Bit Server VM (17.0.16+8-Ubuntu-0ubuntu122.04.1, mixed mode, emulated-client, sharing, tiered, compressed oops, compressed class ptrs, g1 gc, linux-amd64)
GC Precious Log:
 CPUs: 2 total, 2 available
 Memory: 3877M
 Large Page Support: Disabled
 NUMA Support: Disabled
 Compressed Oops: Enabled (32-bit)
 Heap Region Size: 1M
 Heap Min Capacity: 8M
 Heap Initial Capacity: 62M
 Heap Max Capacity: 970M
 Pre-touch: Disabled
 Parallel Workers: 2
 Concurrent Workers: 1
 Concurrent Refinement Workers: 2
 Periodic GC: Disabled
Heap:
 garbage-first heap   total 61440K, used 36215K [0x00000000c3600000, 0x0000000100000000)
  region size 1024K, 27 young (27648K), 6 survivors (6144K)
 Metaspace       used 23850K, committed 24192K, reserved 1114112K
  class space    used 3478K, committed 3648K, reserved 1048576K
GC Heap History (12 events):
Event: 0,450 GC heap before
{Heap before GC invocations=0 (full 0):
 garbage-first heap   total 65536K, used 8116K [0x00000000c3600000, 0x0000000100000000)
  region size 1024K, 6 young (6144K), 0 survivors (0K)
 Metaspace       used 693K, committed 832K, reserved 1114112K
  class space    used 57K, committed 128K, reserved 1048576K
}
Event: 0,456 GC heap after
{Heap after GC invocations=1 (full 0):
 garbage-first heap   total 65536K, used 6684K [0x00000000c3600000, 0x0000000100000000)
  region size 1024K, 1 young (1024K), 1 survivors (1024K)
 Metaspace       used 693K, committed 832K, reserved 1114112K
  class space    used 57K, committed 128K, reserved 1048576K
}
Event: 0,788 GC heap before
{Heap before GC invocations=1 (full 0):
 garbage-first heap   total 65536K, used 9756K [0x00000000c3600000, 0x0000000100000000)
  region size 1024K, 4 young (4096K), 1 survivors (1024K)
 Metaspace       used 1468K, committed 1536K, reserved 1114112K
  class space    used 174K, committed 192K, reserved 1048576K
}
Event: 0,795 GC heap after
{Heap after GC invocations=2 (full 0):
 garbage-first heap   total 65536K, used 7226K [0x00000000c3600000, 0x0000000100000000)
  region size 1024K, 1 young (1024K), 1 survivors (1024K)
 Metaspace       used 1468K, committed 1536K, reserved 1114112K
  class space    used 174K, committed 192K, reserved 1048576K
}
Event: 1,391 GC heap before
{Heap before GC invocations=2 (full 0):
 garbage-first heap   total 65536K, used 15418K [0x00000000c3600000, 0x0000000100000000)
  region size 1024K, 10 young (10240K), 1 survivors (1024K)
 Metaspace       used 4135K, committed 4352K, reserved 1114112K
  class space    used 548K, committed 640K, reserved 1048576K
}
Event: 1,413 GC heap after
{Heap after GC invocations=3 (full 0):
 garbage-first heap   total 65536K, used 7899K [0x00000000c3600000, 0x0000000100000000)
  region size 1024K, 2 young (2048K), 2 survivors (2048K)
 Metaspace       used 4135K, committed 4352K, reserved 1114112K
  class space    used 548K, committed 640K, reserved 1048576K
}
Event: 2,708 GC heap before
{Heap before GC invocations=3 (full 0):
 garbage-first heap   total 65536K, used 38619K [0x00000000c3600000, 0x0000000100000000)
  region size 1024K, 32 young (32768K), 2 survivors (2048K)
 Metaspace       used 10148K, committed 10496K, reserved 1114112K
  class space    used 1564K, committed 1728K, reserved 1048576K
}
Event: 2,732 GC heap after
{Heap after GC invocations=4 (full 0):
 garbage-first heap   total 65536K, used 10002K [0x00000000c3600000, 0x0000000100000000)
  region size 1024K, 4 young (4096K), 4 survivors (4096K)
 Metaspace       used 10148K, committed 10496K, reserved 1114112K
  class space    used 1564K, committed 1728K, reserved 1048576K
}
Event: 3,473 GC heap before
{Heap before GC invocations=4 (full 0):
 garbage-first heap   total 65536K, used 40722K [0x00000000c3600000, 0x0000000100000000)
  region size 1024K, 35 young (35840K), 4 survivors (4096K)
 Metaspace       used 16409K, committed 16704K, reserved 1114112K
  class space    used 2358K, committed 2496K, reserved 1048576K
}
Event: 3,500 GC heap after
{Heap after GC invocations=5 (full 0):
 garbage-first heap   total 78848K, used 12201K [0x00000000c3600000, 0x0000000100000000)
  region size 1024K, 5 young (5120K), 5 survivors (5120K)
 Metaspace       used 16409K, committed 16704K, reserved 1114112K
  class space    used 2358K, committed 2496K, reserved 1048576K
}
Event: 4,679 GC heap before
{Heap before GC invocations=5 (full 0):
 garbage-first heap   total 78848K, used 50089K [0x00000000c3600000, 0x0000000100000000)
  region size 1024K, 43 young (44032K), 5 survivors (5120K)
 Metaspace       used 21162K, committed 21504K, reserved 1114112K
  class space    used 3054K, committed 3200K, reserved 1048576K
}
Event: 4,719 GC heap after
{Heap after GC invocations=6 (full 0):
 garbage-first heap   total 78848K, used 15735K [0x00000000c3600000, 0x0000000100000000)
  region size 1024K, 6 young (6144K), 6 survivors (6144K)
 Metaspace       used 21162K, committed 21504K, reserved 1114112K
  class space    used 3054K, committed 3200K, reserved 1048576K
}

