# JRE version: OpenJDK Runtime Environment (17.0.16+8) (build 17.0.16+8-Ubuntu-0ubuntu122.04.1)
# Java VM: OpenJDK 64-Bit Server VM (17.0.16+8-Ubuntu-0ubuntu122.04.1, mixed mode, emulated-client, sharing, tiered, compressed oops, compressed class ptrs, g1 gc, linux-amd64)
GC Precious Log:
 CPUs: 2 total, 2 available
 Memory: 3877M
 Large Page Support: Disabled
 NUMA Support: Disabled
 Compressed Oops: Enabled (32-bit)
 Heap Region Size: 1M
 Heap Min Capacity: 8M
 Heap Initial Capacity: 62M
 Heap Max Capacity: 970M
 Pre-touch: Disabled
 Parallel Workers: 2
 Concurrent Workers: 1
 Concurrent Refinement Workers: 2
 Periodic GC: Disabled
Heap:
 garbage-first heap   total 65536K, used 31511K [0x00000000c3600000, 0x0000000100000000)
  region size 1024K, 27 young (27648K), 4 survivors (4096K)
 Metaspace       used 14869K, committed 15168K, reserved 1114112K
  class space    used 2158K, committed 2304K, reserved 1048576K
GC Heap History (8 events):
Event: 0,429 GC heap before
{Heap before GC invocations=0 (full 0):
 garbage-first heap   total 65536K, used 8116K [0x00000000c3600000, 0x0000000100000000)
  region size 1024K, 6 young (6144K), 0 survivors (0K)
 Metaspace       used 728K, committed 832K, reserved 1114112K
  class space    used 62K, committed 128K, reserved 1048576K
}
Event: 0,435 GC heap after
{Heap after GC invocations=1 (full 0):
 garbage-first heap   total 65536K, used 6705K [0x00000000c3600000, 0x0000000100000000)
  region size 1024K, 1 young (1024K), 1 survivors (1024K)
 Metaspace       used 728K, committed 832K, reserved 1114112K
  class space    used 62K, committed 128K, reserved 1048576K
}
Event: 0,762 GC heap before
{Heap before GC invocations=1 (full 0):
 garbage-first heap   total 65536K, used 9777K [0x00000000c3600000, 0x0000000100000000)
  region size 1024K, 4 young (4096K), 1 survivors (1024K)
 Metaspace       used 1486K, committed 1600K, reserved 1114112K
  class space    used 178K, committed 256K, reserved 1048576K
}
Event: 0,769 GC heap after
{Heap after GC invocations=2 (full 0):
 garbage-first heap   total 65536K, used 7248K [0x00000000c3600000, 0x0000000100000000)
  region size 1024K, 1 young (1024K), 1 survivors (1024K)
 Metaspace       used 1486K, committed 1600K, reserved 1114112K
  class space    used 178K, committed 256K, reserved 1048576K
}
Event: 1,164 GC heap before
{Heap before GC invocations=2 (full 0):
 garbage-first heap   total 65536K, used 16464K [0x00000000c3600000, 0x0000000100000000)
  region size 1024K, 10 young (10240K), 1 survivors (1024K)
 Metaspace       used 4159K, committed 4352K, reserved 1114112K
  class space    used 552K, committed 640K, reserved 1048576K
}
Event: 1,169 GC heap after
{Heap after GC invocations=3 (full 0):
 garbage-first heap   total 65536K, used 7934K [0x00000000c3600000, 0x0000000100000000)
  region size 1024K, 2 young (2048K), 2 survivors (2048K)
 Metaspace       used 4159K, committed 4352K, reserved 1114112K
  class space    used 552K, committed 640K, reserved 1048576K
}
Event: 2,105 GC heap before
{Heap before GC invocations=3 (full 0):
 garbage-first heap   total 65536K, used 38654K [0x00000000c3600000, 0x0000000100000000)
  region size 1024K, 32 young (32768K), 2 survivors (2048K)
 Metaspace       used 10161K, committed 10432K, reserved 1114112K
  class space    used 1558K, committed 1664K, reserved 1048576K
}
Event: 2,122 GC heap after
{Heap after GC invocations=4 (full 0):
 garbage-first heap   total 65536K, used 10007K [0x00000000c3600000, 0x0000000100000000)
  region size 1024K, 4 young (4096K), 4 survivors (4096K)
 Metaspace       used 10161K, committed 10432K, reserved 1114112K
  class space    used 1558K, committed 1664K, reserved 1048576K
}

